<?xml version="1.0" encoding="UTF-8"?>
<!-- Generated by org.testng.reporters.JUnitReportReporter -->
<testsuite hostname="DESKTOP-MEL0TQP" failures="0" tests="1" name="demo.Demonstration" time="0.010" errors="0" timestamp="2023-12-15T13:01:43 IST" skipped="0">
  <testcase classname="demo.Demonstration" name="hello" time="0.010"/>
</testsuite> <!-- demo.Demonstration -->
