<?xml version="1.0" encoding="UTF-8"?>
<!-- Generated by org.testng.reporters.JUnitReportReporter -->
<testsuite hostname="DESKTOP-MEL0TQP" failures="0" tests="1" name="demo.Demonstration" time="0.009" errors="0" timestamp="2024-06-23T21:04:57 IST" skipped="0">
  <testcase classname="demo.Demonstration" name="hello" time="0.009"/>
</testsuite> <!-- demo.Demonstration -->
